experiment, chair_exp, category: chair, gpu:0
using network, DGCNN
 max part size, 150, max_label 29, scale_weight 0.1, noise_weight 0.01
data source ../data/chair
class Samples from GT meshes
data_name abo_chair_train.npz
load shape,989, data name abo_chair_train.npz
lr, 0.001
epoch=0/250,total_loss=1.870129, 1 epoch time=61.985902, left time=4.304577
lr, 0.0009999605221019082
epoch=1/250,total_loss=1.270303, 1 epoch time=61.482063, left time=4.252509
lr, 0.00099984209464165
epoch=2/250,total_loss=1.120862, 1 epoch time=61.579580, left time=4.242149
lr, 0.0009996447363202947
epoch=3/250,total_loss=1.024304, 1 epoch time=61.760374, left time=4.237448
lr, 0.0009993684783030088
epoch=4/250,total_loss=0.949086, 1 epoch time=61.802038, left time=4.223139
lr, 0.0009990133642141358
epoch=5/250,total_loss=0.974782, 1 epoch time=61.874482, left time=4.210902
lr, 0.000998579450130307
epoch=6/250,total_loss=0.859412, 1 epoch time=61.870426, left time=4.193440
lr, 0.0009980668045715864
epoch=7/250,total_loss=0.857509, 1 epoch time=61.954832, left time=4.181951
lr, 0.0009974755084906502
epoch=8/250,total_loss=0.834579, 1 epoch time=61.915395, left time=4.162090
lr, 0.0009968056552600042
epoch=9/250,total_loss=0.820523, 1 epoch time=61.940032, left time=4.146541
lr, 0.000996057350657239
epoch=10/250,total_loss=0.764378, 1 epoch time=62.086287, left time=4.139086
lr, 0.0009952307128483257
epoch=11/250,total_loss=0.771320, 1 epoch time=61.960233, left time=4.113471
lr, 0.000994325872368957
epoch=12/250,total_loss=0.741008, 1 epoch time=61.851251, left time=4.089055
lr, 0.000993342972103934
epoch=13/250,total_loss=0.724441, 1 epoch time=61.979068, left time=4.080289
lr, 0.0009922821672646027
epoch=14/250,total_loss=0.728837, 1 epoch time=61.965177, left time=4.062162
lr, 0.0009911436253643444
epoch=15/250,total_loss=0.703692, 1 epoch time=61.950976, left time=4.044022
lr, 0.0009899275261921235
epoch=16/250,total_loss=0.701635, 1 epoch time=61.977456, left time=4.028535
lr, 0.0009886340617840967
epoch=17/250,total_loss=0.681744, 1 epoch time=61.975685, left time=4.011204
lr, 0.0009872634363932886
epoch=18/250,total_loss=0.688378, 1 epoch time=61.988925, left time=3.994842
lr, 0.000985815866457337
epoch=19/250,total_loss=0.650236, 1 epoch time=61.972543, left time=3.976571
lr, 0.0009842915805643156
epoch=20/250,total_loss=0.651350, 1 epoch time=62.006827, left time=3.961547
lr, 0.000982690819416637
train.py:247: RuntimeWarning: More than 20 figures have been opened. Figures created through the pyplot interface (`matplotlib.pyplot.figure`) are retained until explicitly closed and may consume too much memory. (To control this warning, see the rcParam `figure.max_open_warning`). Consider using `matplotlib.pyplot.close()`.
  plt.figure(figsize=(4, 4))
epoch=21/250,total_loss=0.640296, 1 epoch time=61.967724, left time=3.941836
lr, 0.0009810138357930428
epoch=22/250,total_loss=0.624991, 1 epoch time=62.104321, left time=3.933274
lr, 0.0009792608945086879
epoch=23/250,total_loss=0.611045, 1 epoch time=62.049145, left time=3.912543
lr, 0.0009774322723733215
epoch=24/250,total_loss=0.627589, 1 epoch time=62.029820, left time=3.894094
lr, 0.0009755282581475768
epoch=25/250,total_loss=0.620508, 1 epoch time=62.007785, left time=3.875487
lr, 0.000973549152497372
epoch=26/250,total_loss=0.583532, 1 epoch time=62.011580, left time=3.858498
lr, 0.0009714952679464322
epoch=27/250,total_loss=0.590626, 1 epoch time=62.182857, left time=3.851883
lr, 0.0009693669288269371
epoch=28/250,total_loss=0.572768, 1 epoch time=62.097504, left time=3.829346
lr, 0.0009671644712283061
epoch=29/250,total_loss=0.558611, 1 epoch time=62.162444, left time=3.816083
lr, 0.0009648882429441257
epoch=30/250,total_loss=0.576838, 1 epoch time=62.128583, left time=3.796747
lr, 0.000962538603417229
epoch=31/250,total_loss=0.567263, 1 epoch time=62.061730, left time=3.775422
lr, 0.0009601159236829353
epoch=32/250,total_loss=0.550349, 1 epoch time=62.003290, left time=3.754644
lr, 0.0009576205863104588
epoch=33/250,total_loss=0.518581, 1 epoch time=62.061368, left time=3.740921
lr, 0.0009550529853424979
epoch=34/250,total_loss=0.541770, 1 epoch time=62.047722, left time=3.722863
lr, 0.0009524135262330098
epoch=35/250,total_loss=0.525613, 1 epoch time=62.035046, left time=3.704871
lr, 0.0009497026257831855
epoch=36/250,total_loss=0.528936, 1 epoch time=62.090527, left time=3.690937
lr, 0.0009469207120756319
epoch=37/250,total_loss=0.525703, 1 epoch time=62.120074, left time=3.675438
lr, 0.0009440682244067723
epoch=38/250,total_loss=0.526205, 1 epoch time=62.186230, left time=3.662078
lr, 0.0009411456132174767
epoch=39/250,total_loss=0.488189, 1 epoch time=62.153217, left time=3.642869
lr, 0.0009381533400219318
epoch=40/250,total_loss=0.477365, 1 epoch time=62.121078, left time=3.623730
lr, 0.0009350918773347629
epoch=41/250,total_loss=0.489051, 1 epoch time=62.131951, left time=3.607105
lr, 0.0009319617085964176
epoch=42/250,total_loss=0.498510, 1 epoch time=62.041653, left time=3.584629
lr, 0.0009287633280968262
epoch=43/250,total_loss=0.472573, 1 epoch time=62.020810, left time=3.566197
lr, 0.000925497240897346
epoch=44/250,total_loss=0.474207, 1 epoch time=62.087058, left time=3.552759
lr, 0.0009221639627510075
epoch=45/250,total_loss=0.474246, 1 epoch time=61.994628, left time=3.530250
lr, 0.0009187640200210709
epoch=46/250,total_loss=0.456910, 1 epoch time=62.088020, left time=3.518321
lr, 0.0009152979495979063
epoch=47/250,total_loss=0.472567, 1 epoch time=62.042358, left time=3.498500
lr, 0.0009117662988142137
epoch=48/250,total_loss=0.467901, 1 epoch time=62.051138, left time=3.481758
lr, 0.0009081696253585921
epoch=49/250,total_loss=0.462496, 1 epoch time=61.971389, left time=3.460069
lr, 0.0009045084971874737
epoch=50/250,total_loss=0.430683, 1 epoch time=62.007545, left time=3.444864
lr, 0.0009007834924354383
epoch=51/250,total_loss=0.443814, 1 epoch time=62.055256, left time=3.430277
lr, 0.0008969951993239175
epoch=52/250,total_loss=0.443300, 1 epoch time=62.029116, left time=3.411601
lr, 0.0008931442160683094
epoch=53/250,total_loss=0.435818, 1 epoch time=61.969486, left time=3.391108
lr, 0.0008892311507835117
epoch=54/250,total_loss=0.422931, 1 epoch time=61.974946, left time=3.374192
lr, 0.0008852566213878945
epoch=55/250,total_loss=0.416270, 1 epoch time=62.018815, left time=3.359352
lr, 0.000881221255505724
epoch=56/250,total_loss=0.416661, 1 epoch time=62.048418, left time=3.343720
lr, 0.000877125690368052
epoch=57/250,total_loss=0.416721, 1 epoch time=62.011489, left time=3.324505
lr, 0.0008729705727120911
epoch=58/250,total_loss=0.426090, 1 epoch time=62.066268, left time=3.310201
lr, 0.000868756558679087
epoch=59/250,total_loss=0.411280, 1 epoch time=62.036757, left time=3.291395
lr, 0.0008644843137107057
epoch=60/250,total_loss=0.397171, 1 epoch time=62.014946, left time=3.273011
lr, 0.0008601545124439534
epoch=61/250,total_loss=0.402856, 1 epoch time=62.023173, left time=3.256217
lr, 0.0008557678386046428
epoch=62/250,total_loss=0.380733, 1 epoch time=62.018926, left time=3.238766
lr, 0.0008513249848994247
epoch=63/250,total_loss=0.382288, 1 epoch time=62.073749, left time=3.224386
lr, 0.0008468266529064025
epoch=64/250,total_loss=0.399073, 1 epoch time=62.028245, left time=3.204793
lr, 0.0008422735529643444
epoch=65/250,total_loss=0.382944, 1 epoch time=62.008529, left time=3.186549
lr, 0.0008376664040605122
epoch=66/250,total_loss=0.379245, 1 epoch time=61.994691, left time=3.168618
lr, 0.0008330059337171258
epoch=67/250,total_loss=0.378532, 1 epoch time=62.039449, left time=3.153672
lr, 0.0008282928778764782
epoch=68/250,total_loss=0.360785, 1 epoch time=62.004580, left time=3.134676
lr, 0.0008235279807847222
epoch=69/250,total_loss=0.388105, 1 epoch time=62.078593, left time=3.121174
lr, 0.0008187119948743449
epoch=70/250,total_loss=0.352868, 1 epoch time=62.021112, left time=3.101056
lr, 0.0008138456806453503
epoch=71/250,total_loss=0.349454, 1 epoch time=62.037192, left time=3.084627
lr, 0.0008089298065451671
epoch=72/250,total_loss=0.352161, 1 epoch time=62.151058, left time=3.073025
lr, 0.0008039651488473028
epoch=73/250,total_loss=0.348586, 1 epoch time=62.059243, left time=3.051246
lr, 0.0007989524915287594
epoch=74/250,total_loss=0.353332, 1 epoch time=62.064236, left time=3.034252
lr, 0.0007938926261462366
epoch=75/250,total_loss=0.360915, 1 epoch time=62.034288, left time=3.015556
lr, 0.0007887863517111338
epoch=76/250,total_loss=0.354075, 1 epoch time=62.037140, left time=2.998462
lr, 0.0007836344745633784
epoch=77/250,total_loss=0.338349, 1 epoch time=62.033143, left time=2.981037
lr, 0.000778437808244094
epoch=78/250,total_loss=0.336057, 1 epoch time=62.060547, left time=2.965115
lr, 0.0007731971733671345
epoch=79/250,total_loss=0.337222, 1 epoch time=62.034780, left time=2.946652
lr, 0.0007679133974894983
epoch=80/250,total_loss=0.327419, 1 epoch time=62.049493, left time=2.930115
lr, 0.0007625873149806479
epoch=81/250,total_loss=0.315383, 1 epoch time=62.025975, left time=2.911775
lr, 0.0007572197668907533
epoch=82/250,total_loss=0.312728, 1 epoch time=62.032250, left time=2.894838
lr, 0.0007518116008178804
epoch=83/250,total_loss=0.330563, 1 epoch time=62.034742, left time=2.877723
lr, 0.0007463636707741458
epoch=84/250,total_loss=0.308999, 1 epoch time=61.986446, left time=2.858264
lr, 0.0007408768370508576
epoch=85/250,total_loss=0.320505, 1 epoch time=62.090307, left time=2.845806
lr, 0.0007353519660826663
epoch=86/250,total_loss=0.312234, 1 epoch time=62.211934, left time=2.834099
lr, 0.000729789930310744
epoch=87/250,total_loss=0.305417, 1 epoch time=62.116206, left time=2.812484
lr, 0.0007241916080450163
epoch=88/250,total_loss=0.300615, 1 epoch time=62.192438, left time=2.798660
lr, 0.0007185578833254665
epoch=89/250,total_loss=0.297235, 1 epoch time=62.016021, left time=2.773494
lr, 0.0007128896457825364
epoch=90/250,total_loss=0.290060, 1 epoch time=62.111863, left time=2.760527
lr, 0.0007071877904966422
epoch=91/250,total_loss=0.290908, 1 epoch time=62.022663, left time=2.739334
lr, 0.0007014532178568313
epoch=92/250,total_loss=0.293941, 1 epoch time=62.063840, left time=2.723913
lr, 0.0006956868334186013
epoch=93/250,total_loss=0.285299, 1 epoch time=62.142779, left time=2.710116
lr, 0.0006898895477609006
epoch=94/250,total_loss=0.283143, 1 epoch time=62.239502, left time=2.697045
lr, 0.000684062276342339
epoch=95/250,total_loss=0.285772, 1 epoch time=62.031543, left time=2.670803
lr, 0.0006782059393566253
epoch=96/250,total_loss=0.284535, 1 epoch time=62.080898, left time=2.655683
lr, 0.0006723214615872586
epoch=97/250,total_loss=0.277919, 1 epoch time=62.093582, left time=2.638977
lr, 0.0006664097722614933
epoch=98/250,total_loss=0.275200, 1 epoch time=62.125334, left time=2.623070
lr, 0.0006604718049036047
epoch=99/250,total_loss=0.283540, 1 epoch time=62.086379, left time=2.604179
lr, 0.0006545084971874737
epoch=100/250,total_loss=0.281877, 1 epoch time=62.129822, left time=2.588743
lr, 0.0006485207907885174
epoch=101/250,total_loss=0.251079, 1 epoch time=62.153757, left time=2.572475
lr, 0.0006425096312349881
epoch=102/250,total_loss=0.267240, 1 epoch time=62.196491, left time=2.556967
lr, 0.0006364759677586627
epoch=103/250,total_loss=0.256052, 1 epoch time=62.095220, left time=2.535555
lr, 0.0006304207531449485
epoch=104/250,total_loss=0.252859, 1 epoch time=62.296105, left time=2.526453
lr, 0.0006243449435824273
epoch=105/250,total_loss=0.250228, 1 epoch time=62.056804, left time=2.499510
lr, 0.0006182494985118624
epoch=106/250,total_loss=0.239607, 1 epoch time=62.157103, left time=2.486284
lr, 0.0006121353804746907
epoch=107/250,total_loss=0.248907, 1 epoch time=62.118366, left time=2.467480
lr, 0.0006060035549610275
epoch=108/250,total_loss=0.235232, 1 epoch time=62.088513, left time=2.449047
lr, 0.0005998549902572035
epoch=109/250,total_loss=0.242912, 1 epoch time=62.134715, left time=2.433610
lr, 0.0005936906572928623
epoch=110/250,total_loss=0.247952, 1 epoch time=62.145436, left time=2.416767
lr, 0.0005875115294876381
epoch=111/250,total_loss=0.233897, 1 epoch time=62.268546, left time=2.404258
lr, 0.0005813185825974419
epoch=112/250,total_loss=0.226573, 1 epoch time=62.180172, left time=2.383573
lr, 0.0005751127945603786
epoch=113/250,total_loss=0.221271, 1 epoch time=62.220504, left time=2.367836
lr, 0.0005688951453423192
epoch=114/250,total_loss=0.224513, 1 epoch time=62.078336, left time=2.345182
lr, 0.0005626666167821521
epoch=115/250,total_loss=0.228737, 1 epoch time=62.018556, left time=2.325696
lr, 0.0005564281924367408
epoch=116/250,total_loss=0.228439, 1 epoch time=62.044361, left time=2.309429
lr, 0.0005501808574256075
epoch=117/250,total_loss=0.225637, 1 epoch time=62.082166, left time=2.293591
lr, 0.0005439255982753717
epoch=118/250,total_loss=0.242385, 1 epoch time=62.090764, left time=2.276661
lr, 0.0005376634027639665
epoch=119/250,total_loss=0.217200, 1 epoch time=62.151828, left time=2.261636
lr, 0.0005313952597646568
epoch=120/250,total_loss=0.210777, 1 epoch time=62.211158, left time=2.246514
lr, 0.0005251221590898848
epoch=121/250,total_loss=0.209110, 1 epoch time=62.175709, left time=2.227963
lr, 0.0005188450913349672
epoch=122/250,total_loss=0.208671, 1 epoch time=62.284573, left time=2.214563
lr, 0.0005125650477216688
epoch=123/250,total_loss=0.198921, 1 epoch time=62.176737, left time=2.193457
lr, 0.0005062830199416764
epoch=124/250,total_loss=0.211188, 1 epoch time=62.180349, left time=2.176312
lr, 0.0005
epoch=125/250,total_loss=0.203060, 1 epoch time=62.192820, left time=2.159473
lr, 0.0004937169800583236
epoch=126/250,total_loss=0.202849, 1 epoch time=62.129225, left time=2.140007
lr, 0.0004874349522783313
epoch=127/250,total_loss=0.188059, 1 epoch time=62.118195, left time=2.122372
lr, 0.0004811549086650327
epoch=128/250,total_loss=0.191172, 1 epoch time=62.202607, left time=2.107977
lr, 0.00047487784091011526
epoch=129/250,total_loss=0.188719, 1 epoch time=62.136464, left time=2.088476
lr, 0.0004686047402353434
epoch=130/250,total_loss=0.193915, 1 epoch time=62.095495, left time=2.069850
lr, 0.0004623365972360336
epoch=131/250,total_loss=0.183574, 1 epoch time=62.163101, left time=2.054836
lr, 0.00045607440172462844
epoch=132/250,total_loss=0.185591, 1 epoch time=62.207682, left time=2.039030
lr, 0.0004498191425743926
epoch=133/250,total_loss=0.188318, 1 epoch time=62.191037, left time=2.021209
lr, 0.00044357180756325913
epoch=134/250,total_loss=0.179801, 1 epoch time=62.157527, left time=2.002854
lr, 0.00043733338321784795
epoch=135/250,total_loss=0.189600, 1 epoch time=62.214206, left time=1.987398
lr, 0.000431104854657681
epoch=136/250,total_loss=0.172513, 1 epoch time=62.165870, left time=1.968586
lr, 0.00042488720543962146
epoch=137/250,total_loss=0.172597, 1 epoch time=62.186967, left time=1.951980
lr, 0.0004186814174025582
epoch=138/250,total_loss=0.177313, 1 epoch time=62.157877, left time=1.933801
lr, 0.00041248847051236206
epoch=139/250,total_loss=0.170191, 1 epoch time=62.182517, left time=1.917294
lr, 0.0004063093427071377
epoch=140/250,total_loss=0.170864, 1 epoch time=62.194984, left time=1.900402
lr, 0.00040014500974279655
epoch=141/250,total_loss=0.170847, 1 epoch time=62.208278, left time=1.883528
lr, 0.0003939964450389727
epoch=142/250,total_loss=0.163206, 1 epoch time=62.173637, left time=1.865209
lr, 0.0003878646195253094
epoch=143/250,total_loss=0.158915, 1 epoch time=62.288481, left time=1.851352
lr, 0.0003817505014881377
epoch=144/250,total_loss=0.159281, 1 epoch time=62.219514, left time=1.832019
lr, 0.0003756550564175727
epoch=145/250,total_loss=0.161478, 1 epoch time=62.335711, left time=1.818125
lr, 0.00036957924685505157
epoch=146/250,total_loss=0.166025, 1 epoch time=62.246892, left time=1.798244
lr, 0.00036352403224133736
epoch=147/250,total_loss=0.157773, 1 epoch time=62.209127, left time=1.779872
lr, 0.00035749036876501193
epoch=148/250,total_loss=0.155256, 1 epoch time=62.152269, left time=1.760981
lr, 0.00035147920921148253
epoch=149/250,total_loss=0.151058, 1 epoch time=62.222903, left time=1.745698
lr, 0.00034549150281252633
epoch=150/250,total_loss=0.150279, 1 epoch time=62.169671, left time=1.726935
lr, 0.00033952819509639533
epoch=151/250,total_loss=0.154697, 1 epoch time=62.175590, left time=1.709829
lr, 0.00033359022773850675
epoch=152/250,total_loss=0.154276, 1 epoch time=62.108532, left time=1.690732
lr, 0.0003276785384127415
epoch=153/250,total_loss=0.153112, 1 epoch time=62.262095, left time=1.677618
lr, 0.0003217940606433747
epoch=154/250,total_loss=0.141047, 1 epoch time=62.215840, left time=1.659089
lr, 0.00031593772365766105
epoch=155/250,total_loss=0.142239, 1 epoch time=62.277328, left time=1.643429
lr, 0.0003101104522390995
epoch=156/250,total_loss=0.146658, 1 epoch time=62.176646, left time=1.623501
lr, 0.0003043131665813989
epoch=157/250,total_loss=0.139515, 1 epoch time=62.227639, left time=1.607547
lr, 0.00029854678214316866
epoch=158/250,total_loss=0.137350, 1 epoch time=62.238955, left time=1.590551
lr, 0.00029281220950335795
epoch=159/250,total_loss=0.135334, 1 epoch time=62.237138, left time=1.573217
lr, 0.00028711035421746366
epoch=160/250,total_loss=0.137900, 1 epoch time=62.227025, left time=1.555676
lr, 0.00028144211667453366
epoch=161/250,total_loss=0.133782, 1 epoch time=62.128967, left time=1.535966
lr, 0.000275808391954984
epoch=162/250,total_loss=0.130332, 1 epoch time=62.231888, left time=1.521224
lr, 0.0002702100696892561
epoch=163/250,total_loss=0.132766, 1 epoch time=62.249532, left time=1.504364
lr, 0.00026464803391733387
epoch=164/250,total_loss=0.135251, 1 epoch time=62.204869, left time=1.486005
lr, 0.0002591231629491425
epoch=165/250,total_loss=0.132194, 1 epoch time=62.203970, left time=1.468705
lr, 0.0002536363292258541
epoch=166/250,total_loss=0.126063, 1 epoch time=62.261727, left time=1.452774
lr, 0.0002481883991821196
epoch=167/250,total_loss=0.121351, 1 epoch time=62.202492, left time=1.434113
lr, 0.00024278023310924675
epoch=168/250,total_loss=0.126292, 1 epoch time=62.249725, left time=1.417910
lr, 0.00023741268501935208
epoch=169/250,total_loss=0.126135, 1 epoch time=62.200288, left time=1.399506
lr, 0.00023208660251050178
epoch=170/250,total_loss=0.122944, 1 epoch time=62.239505, left time=1.383100
lr, 0.0002268028266328655
epoch=171/250,total_loss=0.124445, 1 epoch time=62.232852, left time=1.365665
lr, 0.00022156219175590598
epoch=172/250,total_loss=0.119385, 1 epoch time=62.230386, left time=1.348325
lr, 0.00021636552543662186
epoch=173/250,total_loss=0.120457, 1 epoch time=62.256094, left time=1.331589
lr, 0.0002112136482888663
epoch=174/250,total_loss=0.114732, 1 epoch time=62.300865, left time=1.315240
lr, 0.00020610737385376348
epoch=175/250,total_loss=0.112344, 1 epoch time=62.230818, left time=1.296475
lr, 0.00020104750847124077
epoch=176/250,total_loss=0.112510, 1 epoch time=62.244954, left time=1.279480
lr, 0.00019603485115269725
epoch=177/250,total_loss=0.116756, 1 epoch time=62.200263, left time=1.261283
lr, 0.00019107019345483272
epoch=178/250,total_loss=0.112610, 1 epoch time=62.175487, left time=1.243510
lr, 0.00018615431935464983
epoch=179/250,total_loss=0.106135, 1 epoch time=62.191912, left time=1.226563
lr, 0.00018128800512565513
epoch=180/250,total_loss=0.108572, 1 epoch time=62.354738, left time=1.212453
lr, 0.00017647201921527778
epoch=181/250,total_loss=0.104716, 1 epoch time=62.280614, left time=1.193712
lr, 0.00017170712212352185
epoch=182/250,total_loss=0.111483, 1 epoch time=62.253381, left time=1.175897
lr, 0.00016699406628287422
epoch=183/250,total_loss=0.106569, 1 epoch time=62.176715, left time=1.157178
lr, 0.00016233359593948777
epoch=184/250,total_loss=0.109820, 1 epoch time=62.231308, left time=1.140907
lr, 0.0001577264470356558
epoch=185/250,total_loss=0.104548, 1 epoch time=62.227502, left time=1.123552
lr, 0.0001531733470935976
epoch=186/250,total_loss=0.111028, 1 epoch time=62.243995, left time=1.106560
lr, 0.0001486750151005753
epoch=187/250,total_loss=0.101090, 1 epoch time=62.194252, left time=1.088399
lr, 0.00014423216139535734
epoch=188/250,total_loss=0.103756, 1 epoch time=62.382419, left time=1.074364
lr, 0.00013984548755604655
epoch=189/250,total_loss=0.096287, 1 epoch time=62.192496, left time=1.053817
lr, 0.00013551568628929417
epoch=190/250,total_loss=0.095904, 1 epoch time=62.234039, left time=1.037234
lr, 0.0001312434413209131
epoch=191/250,total_loss=0.101808, 1 epoch time=62.192946, left time=1.019273
lr, 0.00012702942728790896
epoch=192/250,total_loss=0.103257, 1 epoch time=62.214354, left time=1.002342
lr, 0.00012287430963194807
epoch=193/250,total_loss=0.101639, 1 epoch time=62.232881, left time=0.985354
lr, 0.00011877874449427617
epoch=194/250,total_loss=0.099597, 1 epoch time=62.240595, left time=0.968187
lr, 0.00011474337861210544
epoch=195/250,total_loss=0.098932, 1 epoch time=62.152362, left time=0.949550
lr, 0.00011076884921648833
epoch=196/250,total_loss=0.097972, 1 epoch time=62.252084, left time=0.933781
lr, 0.00010685578393169071
epoch=197/250,total_loss=0.096400, 1 epoch time=62.281953, left time=0.916929
lr, 0.00010300480067608231
epoch=198/250,total_loss=0.097000, 1 epoch time=62.220274, left time=0.898737
lr, 9.921650756456164e-05
epoch=199/250,total_loss=0.096927, 1 epoch time=62.221491, left time=0.881471
lr, 9.549150281252633e-05
epoch=200/250,total_loss=0.093722, 1 epoch time=62.264800, left time=0.864789
lr, 9.183037464140803e-05
epoch=201/250,total_loss=0.093202, 1 epoch time=62.279153, left time=0.847688
lr, 8.823370118578628e-05
epoch=202/250,total_loss=0.095277, 1 epoch time=62.285446, left time=0.830473
lr, 8.470205040209372e-05
epoch=203/250,total_loss=0.090328, 1 epoch time=62.246665, left time=0.812665
lr, 8.123597997892917e-05
epoch=204/250,total_loss=0.093555, 1 epoch time=62.323666, left time=0.796358
lr, 7.783603724899247e-05
epoch=205/250,total_loss=0.094833, 1 epoch time=62.257261, left time=0.778216
lr, 7.450275910265413e-05
epoch=206/250,total_loss=0.092225, 1 epoch time=62.275924, left time=0.761150
lr, 7.123667190317396e-05
epoch=207/250,total_loss=0.092210, 1 epoch time=62.326133, left time=0.744451
lr, 6.803829140358226e-05
epoch=208/250,total_loss=0.091235, 1 epoch time=62.282419, left time=0.726628
lr, 6.490812266523716e-05
epoch=209/250,total_loss=0.088980, 1 epoch time=62.306462, left time=0.709601
lr, 6.184665997806821e-05
epoch=210/250,total_loss=0.091058, 1 epoch time=62.355127, left time=0.692835
lr, 5.88543867825233e-05
epoch=211/250,total_loss=0.085050, 1 epoch time=62.273081, left time=0.674625
lr, 5.593177559322776e-05
epoch=212/250,total_loss=0.088500, 1 epoch time=62.240667, left time=0.656985
lr, 5.3079287924368115e-05
epoch=213/250,total_loss=0.084118, 1 epoch time=62.315983, left time=0.640470
lr, 5.029737421681446e-05
epoch=214/250,total_loss=0.088608, 1 epoch time=62.258324, left time=0.622583
lr, 4.758647376699032e-05
epoch=215/250,total_loss=0.084281, 1 epoch time=62.290878, left time=0.605606
lr, 4.494701465750217e-05
epoch=216/250,total_loss=0.087376, 1 epoch time=62.291535, left time=0.588309
lr, 4.2379413689541237e-05
epoch=217/250,total_loss=0.086664, 1 epoch time=62.242548, left time=0.570557
lr, 3.9884076317064924e-05
epoch=218/250,total_loss=0.084674, 1 epoch time=62.278429, left time=0.553586
lr, 3.746139658277092e-05
epoch=219/250,total_loss=0.091339, 1 epoch time=62.229691, left time=0.535867
lr, 3.511175705587427e-05
epoch=220/250,total_loss=0.085461, 1 epoch time=62.259732, left time=0.518831
lr, 3.283552877169399e-05
epoch=221/250,total_loss=0.084142, 1 epoch time=62.262278, left time=0.501557
lr, 3.0633071173062964e-05
epoch=222/250,total_loss=0.082751, 1 epoch time=62.259077, left time=0.484237
lr, 2.850473205356774e-05
epoch=223/250,total_loss=0.084280, 1 epoch time=62.310752, left time=0.467331
lr, 2.6450847502627883e-05
epoch=224/250,total_loss=0.082411, 1 epoch time=62.239480, left time=0.449507
lr, 2.4471741852423235e-05
epoch=225/250,total_loss=0.085043, 1 epoch time=62.255868, left time=0.432332
lr, 2.2567727626678523e-05
epoch=226/250,total_loss=0.082982, 1 epoch time=62.248829, left time=0.414992
lr, 2.0739105491312082e-05
epoch=227/250,total_loss=0.087121, 1 epoch time=62.290898, left time=0.397970
lr, 1.898616420695709e-05
epoch=228/250,total_loss=0.081886, 1 epoch time=62.241128, left time=0.380362
lr, 1.730918058336306e-05
epoch=229/250,total_loss=0.080566, 1 epoch time=62.295766, left time=0.363392
lr, 1.5708419435684463e-05
epoch=230/250,total_loss=0.082755, 1 epoch time=62.192801, left time=0.345516
lr, 1.4184133542663014e-05
epoch=231/250,total_loss=0.082055, 1 epoch time=62.218998, left time=0.328378
lr, 1.2736563606711382e-05
epoch=232/250,total_loss=0.083207, 1 epoch time=62.197226, left time=0.310986
lr, 1.136593821590326e-05
epoch=233/250,total_loss=0.080840, 1 epoch time=62.261891, left time=0.294014
lr, 1.0072473807876569e-05
epoch=234/250,total_loss=0.079606, 1 epoch time=62.237350, left time=0.276610
lr, 8.856374635655639e-06
epoch=235/250,total_loss=0.081185, 1 epoch time=62.211318, left time=0.259214
lr, 7.717832735397334e-06
epoch=236/250,total_loss=0.082065, 1 epoch time=62.200323, left time=0.241890
lr, 6.657027896065982e-06
epoch=237/250,total_loss=0.080169, 1 epoch time=62.179575, left time=0.224537
lr, 5.674127631043025e-06
epoch=238/250,total_loss=0.082788, 1 epoch time=62.244297, left time=0.207481
lr, 4.769287151674407e-06
epoch=239/250,total_loss=0.079137, 1 epoch time=62.157504, left time=0.189926
lr, 3.942649342761117e-06
epoch=240/250,total_loss=0.081043, 1 epoch time=62.424226, left time=0.173401
lr, 3.1943447399958027e-06
epoch=241/250,total_loss=0.078120, 1 epoch time=62.238387, left time=0.155596
lr, 2.5244915093499133e-06
epoch=242/250,total_loss=0.081244, 1 epoch time=62.239801, left time=0.138311
lr, 1.9331954284137475e-06
epoch=243/250,total_loss=0.078207, 1 epoch time=62.180306, left time=0.120906
lr, 1.420549869693033e-06
epoch=244/250,total_loss=0.076692, 1 epoch time=62.250394, left time=0.103751
lr, 9.866357858642206e-07
epoch=245/250,total_loss=0.082560, 1 epoch time=62.231239, left time=0.086432
lr, 6.315216969912663e-07
epoch=246/250,total_loss=0.082644, 1 epoch time=62.200252, left time=0.069111
lr, 3.5526367970539763e-07
epoch=247/250,total_loss=0.079863, 1 epoch time=62.242155, left time=0.051868
lr, 1.5790535835003005e-07
epoch=248/250,total_loss=0.082560, 1 epoch time=62.185304, left time=0.034547
lr, 3.947789809194413e-08
epoch=249/250,total_loss=0.082704, 1 epoch time=62.190013, left time=0.017275
best_loss:  0.07669187477354826  best_epoch: 244
